<?xml version="1.0" encoding="UTF-8"?>
<testng-results skipped="0" failed="0" total="1" passed="1">
  <reporter-output>
  </reporter-output>
  <suite name="Suite" duration-ms="36701" started-at="2016-06-22T13:00:54Z" finished-at="2016-06-22T13:01:31Z">
    <groups>
    </groups>
    <test name="Test" duration-ms="36701" started-at="2016-06-22T13:00:54Z" finished-at="2016-06-22T13:01:31Z">
      <class name="EfareTest">
        <test-method status="PASS" signature="f(org.testng.xml.XmlTest)[pri:0, instance:EfareTest@ec99b58]" name="f" duration-ms="36684" started-at="2016-06-22T18:30:54Z" finished-at="2016-06-22T18:31:31Z">
          <params>
            <param index="0">
              <value>
                <![CDATA[[Test: "Test" verbose:1[parameters:client_browser=>chromebrowser_window_width=>900grid_client=>192.168.203.147browser_window_height=>1600grid_client_port=>5555][metagroups:] [included: ][excluded: ]  classes:[XmlClass class=EfareTest]  packages:] ]]>
              </value>
            </param>
          </params>
          <reporter-output>
          </reporter-output>
        </test-method> <!-- f -->
      </class> <!-- EfareTest -->
    </test> <!-- Test -->
  </suite> <!-- Suite -->
</testng-results>
